<?xml version="1.0" encoding="UTF-8"?>
<!-- Generated by org.testng.reporters.JUnitReportReporter -->
<testsuite hostname="L-357009218" failures="0" tests="4" name="GroupMethod.GroupTest" time="0.030" errors="0" timestamp="2023-05-11T18:39:57 IST" skipped="0">
  <testcase classname="GroupMethod.GroupTest" name="lenova1" time="0.002"/>
  <system-out/>
  <testcase classname="GroupMethod.GroupTest" name="Apple1" time="0.023"/>
  <system-out/>
  <testcase classname="GroupMethod.GroupTest" name="mi1" time="0.002"/>
  <system-out/>
  <testcase classname="GroupMethod.GroupTest" name="moto1" time="0.003"/>
  <system-out/>
</testsuite> <!-- GroupMethod.GroupTest -->
